<?xml version="1.0" encoding="UTF-8"?>
<testsuite name="com.ddukddak.backend.controller.UserControllerTest" tests="1" skipped="0" failures="0" errors="0" timestamp="2023-07-19T08:04:48" hostname="bagsohyeons-MacBook-Air.local" time="0.501">
  <properties/>
  <testcase name="유저_예약_현황()" classname="com.ddukddak.backend.controller.UserControllerTest" time="0.501"/>
  <system-out><![CDATA[17:04:45.604 [Test worker] INFO org.springframework.test.context.support.AnnotationConfigContextLoaderUtils -- Could not detect default configuration classes for test class [com.ddukddak.backend.controller.UserControllerTest]: UserControllerTest does not declare any static, non-private, non-final, nested classes annotated with @Configuration.
17:04:45.658 [Test worker] INFO org.springframework.boot.test.context.SpringBootTestContextBootstrapper -- Found @SpringBootConfiguration com.ddukddak.backend.BackendApplication for test class com.ddukddak.backend.controller.UserControllerTest

  .   ____          _            __ _ _
 /\\ / ___'_ __ _ _(_)_ __  __ _ \ \ \ \
( ( )\___ | '_ | '_| | '_ \/ _` | \ \ \ \
 \\/  ___)| |_)| | | | | || (_| |  ) ) ) )
  '  |____| .__|_| |_|_| |_\__, | / / / /
 =========|_|==============|___/=/_/_/_/
 :: Spring Boot ::                (v3.1.1)

2023-07-19T17:04:45.865+09:00  INFO 3995 --- [    Test worker] c.d.b.controller.UserControllerTest      : Starting UserControllerTest using Java 17.0.7 with PID 3995 (started by parksohyun in /Users/parksohyun/Desktop/42Ddukddak_Backend)
2023-07-19T17:04:45.866+09:00  INFO 3995 --- [    Test worker] c.d.b.controller.UserControllerTest      : No active profile set, falling back to 1 default profile: "default"
2023-07-19T17:04:46.202+09:00  INFO 3995 --- [    Test worker] .s.d.r.c.RepositoryConfigurationDelegate : Bootstrapping Spring Data JPA repositories in DEFAULT mode.
2023-07-19T17:04:46.213+09:00  INFO 3995 --- [    Test worker] .s.d.r.c.RepositoryConfigurationDelegate : Finished Spring Data repository scanning in 7 ms. Found 0 JPA repository interfaces.
2023-07-19T17:04:46.399+09:00  INFO 3995 --- [    Test worker] o.hibernate.jpa.internal.util.LogHelper  : HHH000204: Processing PersistenceUnitInfo [name: default]
2023-07-19T17:04:46.426+09:00  INFO 3995 --- [    Test worker] org.hibernate.Version                    : HHH000412: Hibernate ORM core version 6.2.5.Final
2023-07-19T17:04:46.428+09:00  INFO 3995 --- [    Test worker] org.hibernate.cfg.Environment            : HHH000406: Using bytecode reflection optimizer
2023-07-19T17:04:46.484+09:00  INFO 3995 --- [    Test worker] o.h.b.i.BytecodeProviderInitiator        : HHH000021: Bytecode provider name : bytebuddy
2023-07-19T17:04:46.544+09:00  INFO 3995 --- [    Test worker] o.s.o.j.p.SpringPersistenceUnitInfo      : No LoadTimeWeaver setup: ignoring JPA class transformer
2023-07-19T17:04:46.551+09:00  INFO 3995 --- [    Test worker] com.zaxxer.hikari.HikariDataSource       : HikariPool-1 - Starting...
2023-07-19T17:04:46.715+09:00  INFO 3995 --- [    Test worker] com.zaxxer.hikari.pool.HikariPool        : HikariPool-1 - Added connection com.mysql.cj.jdbc.ConnectionImpl@3e2c4d4b
2023-07-19T17:04:46.716+09:00  INFO 3995 --- [    Test worker] com.zaxxer.hikari.HikariDataSource       : HikariPool-1 - Start completed.
2023-07-19T17:04:46.743+09:00  WARN 3995 --- [    Test worker] org.hibernate.orm.deprecation            : HHH90000026: MySQL57Dialect has been deprecated; use org.hibernate.dialect.MySQLDialect instead
2023-07-19T17:04:46.864+09:00  INFO 3995 --- [    Test worker] o.h.b.i.BytecodeProviderInitiator        : HHH000021: Bytecode provider name : bytebuddy
2023-07-19T17:04:47.082+09:00  INFO 3995 --- [    Test worker] o.h.m.i.EntityInstantiatorPojoStandard   : HHH000182: No default (no-argument) constructor for class: com.ddukddak.backend.domain.User (class must be instantiated by Interceptor)
2023-07-19T17:04:47.188+09:00  INFO 3995 --- [    Test worker] o.h.e.t.j.p.i.JtaPlatformInitiator       : HHH000490: Using JtaPlatform implementation: [org.hibernate.engine.transaction.jta.platform.internal.NoJtaPlatform]
Hibernate: alter table private_chat_room modify column create_time  datetime(6)
Hibernate: alter table reservation modify column reservation_time  datetime(6)
Hibernate: alter table reservation modify column status  enum ('CANCEL','RESERVE')
Hibernate: alter table user modify column report_time  datetime(6)
2023-07-19T17:04:47.285+09:00  INFO 3995 --- [    Test worker] j.LocalContainerEntityManagerFactoryBean : Initialized JPA EntityManagerFactory for persistence unit 'default'
2023-07-19T17:04:47.544+09:00  INFO 3995 --- [    Test worker] o.s.b.a.w.s.WelcomePageHandlerMapping    : Adding welcome page template: index
2023-07-19T17:04:48.238+09:00  INFO 3995 --- [    Test worker] c.d.b.controller.UserControllerTest      : Started UserControllerTest in 2.505 seconds (process running for 3.013)
Hibernate: insert into user (banned,login,master,public_chat_room_public_room_id,report_number,report_time) values (?,?,?,?,?,?)
2023-07-19T17:04:48.565+09:00  INFO 3995 --- [    Test worker] c.d.b.controller.UserControllerTest      : userId44
Hibernate: insert into reservation (chat_room_name,reservation_time,status,user_id) values (?,?,?,?)
Hibernate: insert into reservation (chat_room_name,reservation_time,status,user_id) values (?,?,?,?)
Hibernate: insert into reservation (chat_room_name,reservation_time,status,user_id) values (?,?,?,?)
Hibernate: insert into reservation (chat_room_name,reservation_time,status,user_id) values (?,?,?,?)
Hibernate: insert into reservation (chat_room_name,reservation_time,status,user_id) values (?,?,?,?)
Hibernate: insert into reservation (chat_room_name,reservation_time,status,user_id) values (?,?,?,?)
Hibernate: select r1_0.reservation_id,r1_0.chat_room_name,r1_0.reservation_time,r1_0.status,r1_0.user_id from reservation r1_0 where r1_0.user_id=?
]]></system-out>
  <system-err><![CDATA[]]></system-err>
</testsuite>
