<?xml version="1.0" encoding="UTF-8"?>
<testsuite name="com.ddukddak.backend.BackendApplicationTests" tests="1" skipped="0" failures="0" errors="0" timestamp="2023-08-05T07:14:15" hostname="suhwparkui-MacBookAir.local" time="0.366">
  <properties/>
  <testcase name="contextLoads()" classname="com.ddukddak.backend.BackendApplicationTests" time="0.366"/>
  <system-out><![CDATA[16:14:10.819 [Test worker] INFO org.springframework.test.context.support.AnnotationConfigContextLoaderUtils -- Could not detect default configuration classes for test class [com.ddukddak.backend.BackendApplicationTests]: BackendApplicationTests does not declare any static, non-private, non-final, nested classes annotated with @Configuration.
16:14:10.964 [Test worker] INFO org.springframework.boot.test.context.SpringBootTestContextBootstrapper -- Found @SpringBootConfiguration com.ddukddak.backend.BackendApplication for test class com.ddukddak.backend.BackendApplicationTests

  .   ____          _            __ _ _
 /\\ / ___'_ __ _ _(_)_ __  __ _ \ \ \ \
( ( )\___ | '_ | '_| | '_ \/ _` | \ \ \ \
 \\/  ___)| |_)| | | | | || (_| |  ) ) ) )
  '  |____| .__|_| |_|_| |_\__, | / / / /
 =========|_|==============|___/=/_/_/_/
 :: Spring Boot ::                (v3.1.1)

2023-08-05T16:14:11.429+09:00  INFO 34879 --- [    Test worker] c.d.backend.BackendApplicationTests      : Starting BackendApplicationTests using Java 17.0.7 with PID 34879 (started by parksuhwan in /Users/parksuhwan/Desktop/42DD/42Ddukddak_Backend)
2023-08-05T16:14:11.431+09:00  INFO 34879 --- [    Test worker] c.d.backend.BackendApplicationTests      : No active profile set, falling back to 1 default profile: "default"
2023-08-05T16:14:12.161+09:00  INFO 34879 --- [    Test worker] .s.d.r.c.RepositoryConfigurationDelegate : Bootstrapping Spring Data JPA repositories in DEFAULT mode.
2023-08-05T16:14:12.181+09:00  INFO 34879 --- [    Test worker] .s.d.r.c.RepositoryConfigurationDelegate : Finished Spring Data repository scanning in 13 ms. Found 0 JPA repository interfaces.
2023-08-05T16:14:12.491+09:00  INFO 34879 --- [    Test worker] o.hibernate.jpa.internal.util.LogHelper  : HHH000204: Processing PersistenceUnitInfo [name: default]
2023-08-05T16:14:12.554+09:00  INFO 34879 --- [    Test worker] org.hibernate.Version                    : HHH000412: Hibernate ORM core version 6.2.5.Final
2023-08-05T16:14:12.557+09:00  INFO 34879 --- [    Test worker] org.hibernate.cfg.Environment            : HHH000406: Using bytecode reflection optimizer
2023-08-05T16:14:12.668+09:00  INFO 34879 --- [    Test worker] o.h.b.i.BytecodeProviderInitiator        : HHH000021: Bytecode provider name : bytebuddy
2023-08-05T16:14:12.779+09:00  INFO 34879 --- [    Test worker] o.s.o.j.p.SpringPersistenceUnitInfo      : No LoadTimeWeaver setup: ignoring JPA class transformer
2023-08-05T16:14:12.798+09:00  INFO 34879 --- [    Test worker] com.zaxxer.hikari.HikariDataSource       : HikariPool-1 - Starting...
2023-08-05T16:14:13.077+09:00  INFO 34879 --- [    Test worker] com.zaxxer.hikari.pool.HikariPool        : HikariPool-1 - Added connection com.mysql.cj.jdbc.ConnectionImpl@23708f14
2023-08-05T16:14:13.079+09:00  INFO 34879 --- [    Test worker] com.zaxxer.hikari.HikariDataSource       : HikariPool-1 - Start completed.
2023-08-05T16:14:13.129+09:00  WARN 34879 --- [    Test worker] org.hibernate.orm.deprecation            : HHH90000026: MySQL57Dialect has been deprecated; use org.hibernate.dialect.MySQLDialect instead
2023-08-05T16:14:13.373+09:00  INFO 34879 --- [    Test worker] o.h.b.i.BytecodeProviderInitiator        : HHH000021: Bytecode provider name : bytebuddy
2023-08-05T16:14:13.942+09:00  INFO 34879 --- [    Test worker] o.h.e.t.j.p.i.JtaPlatformInitiator       : HHH000490: Using JtaPlatform implementation: [org.hibernate.engine.transaction.jta.platform.internal.NoJtaPlatform]
Hibernate: alter table private_chat_room modify column create_time  datetime(6)
Hibernate: alter table private_chat_room modify column expiration_time  datetime(6)
Hibernate: alter table private_storage modify column send_time  datetime(6)
Hibernate: alter table reservation modify column reservation_time  datetime(6)
Hibernate: alter table reservation modify column status  enum ('CANCEL','RESERVE')
Hibernate: alter table storage modify column time  datetime(6)
Hibernate: alter table user modify column report_time  datetime(6)
2023-08-05T16:14:14.073+09:00  INFO 34879 --- [    Test worker] j.LocalContainerEntityManagerFactoryBean : Initialized JPA EntityManagerFactory for persistence unit 'default'
2023-08-05T16:14:14.604+09:00  INFO 34879 --- [    Test worker] o.s.b.a.w.s.WelcomePageHandlerMapping    : Adding welcome page template: index
2023-08-05T16:14:15.294+09:00  INFO 34879 --- [    Test worker] o.s.m.s.b.SimpleBrokerMessageHandler     : Starting...
2023-08-05T16:14:15.295+09:00  INFO 34879 --- [    Test worker] o.s.m.s.b.SimpleBrokerMessageHandler     : BrokerAvailabilityEvent[available=true, SimpleBrokerMessageHandler [org.springframework.messaging.simp.broker.DefaultSubscriptionRegistry@56e589e5]]
2023-08-05T16:14:15.296+09:00  INFO 34879 --- [    Test worker] o.s.m.s.b.SimpleBrokerMessageHandler     : Started.
2023-08-05T16:14:15.309+09:00  INFO 34879 --- [    Test worker] c.d.backend.BackendApplicationTests      : Started BackendApplicationTests in 4.2 seconds (process running for 5.487)
2023-08-05T16:14:15.351+09:00  INFO 34879 --- [MessageBroker-1] c.d.b.c.p.ChatTableService               : 30초마다 자동 쓰레기통이 돈다.....
Hibernate: select c1_0.chat_table_id,c1_0.host,c1_0.private_chat_room_id,c1_0.user_id from chat_table c1_0
]]></system-out>
  <system-err><![CDATA[[2023.08.05 16:14:11] (Coverage): Error during class instrumentation: org.springframework.boot.logging.log4j2.Log4J2LoggingSystem: java.lang.RuntimeException: java.io.IOException: Class org/apache/logging/log4j/core/config/composite/CompositeConfiguration not found
]]></system-err>
</testsuite>
