<?xml version="1.0" encoding="UTF-8"?>
<testsuite name="com.ddukddak.backend.chat.publicChatRoom.PublicChatRoomRepositoryTest" tests="2" skipped="0" failures="0" errors="0" timestamp="2023-07-22T11:50:29" hostname="bagsohyeons-MacBook-Air.local" time="0.597">
  <properties/>
  <testcase name="조회_테스트()" classname="com.ddukddak.backend.chat.publicChatRoom.PublicChatRoomRepositoryTest" time="0.566"/>
  <testcase name="메세지_추가_테스트()" classname="com.ddukddak.backend.chat.publicChatRoom.PublicChatRoomRepositoryTest" time="0.029"/>
  <system-out><![CDATA[20:50:25.554 [Test worker] INFO org.springframework.test.context.support.AnnotationConfigContextLoaderUtils -- Could not detect default configuration classes for test class [com.ddukddak.backend.chat.publicChatRoom.PublicChatRoomRepositoryTest]: PublicChatRoomRepositoryTest does not declare any static, non-private, non-final, nested classes annotated with @Configuration.
20:50:25.640 [Test worker] INFO org.springframework.boot.test.context.SpringBootTestContextBootstrapper -- Found @SpringBootConfiguration com.ddukddak.backend.BackendApplication for test class com.ddukddak.backend.chat.publicChatRoom.PublicChatRoomRepositoryTest

  .   ____          _            __ _ _
 /\\ / ___'_ __ _ _(_)_ __  __ _ \ \ \ \
( ( )\___ | '_ | '_| | '_ \/ _` | \ \ \ \
 \\/  ___)| |_)| | | | | || (_| |  ) ) ) )
  '  |____| .__|_| |_|_| |_\__, | / / / /
 =========|_|==============|___/=/_/_/_/
 :: Spring Boot ::                (v3.1.1)

2023-07-22T20:50:26.011+09:00  INFO 33228 --- [    Test worker] c.d.b.c.p.PublicChatRoomRepositoryTest   : Starting PublicChatRoomRepositoryTest using Java 17.0.7 with PID 33228 (started by parksohyun in /Users/parksohyun/Desktop/42Ddukddak_Backend)
2023-07-22T20:50:26.013+09:00  INFO 33228 --- [    Test worker] c.d.b.c.p.PublicChatRoomRepositoryTest   : No active profile set, falling back to 1 default profile: "default"
2023-07-22T20:50:26.741+09:00  INFO 33228 --- [    Test worker] .s.d.r.c.RepositoryConfigurationDelegate : Bootstrapping Spring Data JPA repositories in DEFAULT mode.
2023-07-22T20:50:26.772+09:00  INFO 33228 --- [    Test worker] .s.d.r.c.RepositoryConfigurationDelegate : Finished Spring Data repository scanning in 21 ms. Found 0 JPA repository interfaces.
2023-07-22T20:50:27.360+09:00  INFO 33228 --- [    Test worker] o.hibernate.jpa.internal.util.LogHelper  : HHH000204: Processing PersistenceUnitInfo [name: default]
2023-07-22T20:50:27.406+09:00  INFO 33228 --- [    Test worker] org.hibernate.Version                    : HHH000412: Hibernate ORM core version 6.2.5.Final
2023-07-22T20:50:27.407+09:00  INFO 33228 --- [    Test worker] org.hibernate.cfg.Environment            : HHH000406: Using bytecode reflection optimizer
2023-07-22T20:50:27.485+09:00  INFO 33228 --- [    Test worker] o.h.b.i.BytecodeProviderInitiator        : HHH000021: Bytecode provider name : bytebuddy
2023-07-22T20:50:27.555+09:00  INFO 33228 --- [    Test worker] o.s.o.j.p.SpringPersistenceUnitInfo      : No LoadTimeWeaver setup: ignoring JPA class transformer
2023-07-22T20:50:27.567+09:00  INFO 33228 --- [    Test worker] com.zaxxer.hikari.HikariDataSource       : HikariPool-1 - Starting...
2023-07-22T20:50:27.756+09:00  INFO 33228 --- [    Test worker] com.zaxxer.hikari.pool.HikariPool        : HikariPool-1 - Added connection com.mysql.cj.jdbc.ConnectionImpl@698ac187
2023-07-22T20:50:27.758+09:00  INFO 33228 --- [    Test worker] com.zaxxer.hikari.HikariDataSource       : HikariPool-1 - Start completed.
2023-07-22T20:50:27.793+09:00  WARN 33228 --- [    Test worker] org.hibernate.orm.deprecation            : HHH90000026: MySQL57Dialect has been deprecated; use org.hibernate.dialect.MySQLDialect instead
2023-07-22T20:50:27.944+09:00  INFO 33228 --- [    Test worker] o.h.b.i.BytecodeProviderInitiator        : HHH000021: Bytecode provider name : bytebuddy
2023-07-22T20:50:28.308+09:00  INFO 33228 --- [    Test worker] o.h.e.t.j.p.i.JtaPlatformInitiator       : HHH000490: Using JtaPlatform implementation: [org.hibernate.engine.transaction.jta.platform.internal.NoJtaPlatform]
Hibernate: alter table private_chat_room modify column create_time  datetime(6)
Hibernate: alter table reservation modify column reservation_time  datetime(6)
Hibernate: alter table reservation modify column status  enum ('CANCEL','RESERVE')
Hibernate: alter table storage modify column time  datetime(6)
Hibernate: alter table user modify column report_time  datetime(6)
2023-07-22T20:50:28.427+09:00  INFO 33228 --- [    Test worker] j.LocalContainerEntityManagerFactoryBean : Initialized JPA EntityManagerFactory for persistence unit 'default'
2023-07-22T20:50:28.783+09:00  INFO 33228 --- [    Test worker] o.s.b.a.w.s.WelcomePageHandlerMapping    : Adding welcome page template: index
2023-07-22T20:50:29.316+09:00  INFO 33228 --- [    Test worker] o.s.m.s.b.SimpleBrokerMessageHandler     : Starting...
2023-07-22T20:50:29.318+09:00  INFO 33228 --- [    Test worker] o.s.m.s.b.SimpleBrokerMessageHandler     : BrokerAvailabilityEvent[available=true, SimpleBrokerMessageHandler [org.springframework.messaging.simp.broker.DefaultSubscriptionRegistry@234dfc8e]]
2023-07-22T20:50:29.319+09:00  INFO 33228 --- [    Test worker] o.s.m.s.b.SimpleBrokerMessageHandler     : Started.
2023-07-22T20:50:29.348+09:00  INFO 33228 --- [    Test worker] c.d.b.c.p.PublicChatRoomRepositoryTest   : Started PublicChatRoomRepositoryTest in 3.605 seconds (process running for 4.265)
Hibernate: insert into public_chat_room (public_contents,public_room_id) values (?,?)
Hibernate: insert into storage (intra_id,message,public_chat_room_public_room_id,time) values (?,?,?,?)
Hibernate: insert into storage (intra_id,message,public_chat_room_public_room_id,time) values (?,?,?,?)
id999
messageHi
Hibernate: insert into public_chat_room (public_contents,public_room_id) values (?,?)
Hibernate: insert into storage (intra_id,message,public_chat_room_public_room_id,time) values (?,?,?,?)
Hibernate: insert into storage (intra_id,message,public_chat_room_public_room_id,time) values (?,?,?,?)
Hibernate: insert into storage (intra_id,message,public_chat_room_public_room_id,time) values (?,?,?,?)
]]></system-out>
  <system-err><![CDATA[]]></system-err>
</testsuite>
