<?xml version="1.0" encoding="UTF-8"?>
<testsuite name="com.ddukddak.backend.user.UserServiceTest" tests="1" skipped="0" failures="0" errors="0" timestamp="2023-08-05T07:14:15" hostname="suhwparkui-MacBookAir.local" time="0.011">
  <properties/>
  <testcase name="유저생성_시_단체채팅방_확인()" classname="com.ddukddak.backend.user.UserServiceTest" time="0.011"/>
  <system-out><![CDATA[2023-08-05T16:14:15.884+09:00  INFO 34879 --- [    Test worker] t.c.s.AnnotationConfigContextLoaderUtils : Could not detect default configuration classes for test class [com.ddukddak.backend.user.UserServiceTest]: UserServiceTest does not declare any static, non-private, non-final, nested classes annotated with @Configuration.
2023-08-05T16:14:15.888+09:00  INFO 34879 --- [    Test worker] .b.t.c.SpringBootTestContextBootstrapper : Found @SpringBootConfiguration com.ddukddak.backend.BackendApplication for test class com.ddukddak.backend.user.UserServiceTest
]]></system-out>
  <system-err><![CDATA[]]></system-err>
</testsuite>
