<?xml version="1.0" encoding="UTF-8"?>
<testsuite name="com.ddukddak.backend.controller.UserControllerTest" tests="1" skipped="0" failures="0" errors="0" timestamp="2023-08-05T07:14:15" hostname="suhwparkui-MacBookAir.local" time="0.015">
  <properties/>
  <testcase name="유저_예약_현황()" classname="com.ddukddak.backend.controller.UserControllerTest" time="0.015"/>
  <system-out><![CDATA[2023-08-05T16:14:15.828+09:00  INFO 34879 --- [    Test worker] t.c.s.AnnotationConfigContextLoaderUtils : Could not detect default configuration classes for test class [com.ddukddak.backend.controller.UserControllerTest]: UserControllerTest does not declare any static, non-private, non-final, nested classes annotated with @Configuration.
2023-08-05T16:14:15.832+09:00  INFO 34879 --- [    Test worker] .b.t.c.SpringBootTestContextBootstrapper : Found @SpringBootConfiguration com.ddukddak.backend.BackendApplication for test class com.ddukddak.backend.controller.UserControllerTest
Hibernate: insert into user (banned,login,master,private_chat_room_id,public_room_id,report_number,report_time) values (?,?,?,?,?,?,?)
2023-08-05T16:14:15.846+09:00  INFO 34879 --- [    Test worker] c.d.b.controller.UserControllerTest      : userId92
]]></system-out>
  <system-err><![CDATA[]]></system-err>
</testsuite>
