<?xml version="1.0" encoding="UTF-8"?>
<testsuite name="com.ddukddak.backend.chat.privateChatRoom.ChatTableServiceTest" tests="1" skipped="0" failures="0" errors="0" timestamp="2023-08-05T07:14:15" hostname="suhwparkui-MacBookAir.local" time="0.012">
  <properties/>
  <testcase name="getMessageInfo()" classname="com.ddukddak.backend.chat.privateChatRoom.ChatTableServiceTest" time="0.012"/>
  <system-out><![CDATA[2023-08-05T16:14:15.703+09:00  INFO 34879 --- [    Test worker] t.c.s.AnnotationConfigContextLoaderUtils : Could not detect default configuration classes for test class [com.ddukddak.backend.chat.privateChatRoom.ChatTableServiceTest]: ChatTableServiceTest does not declare any static, non-private, non-final, nested classes annotated with @Configuration.
2023-08-05T16:14:15.712+09:00  INFO 34879 --- [    Test worker] .b.t.c.SpringBootTestContextBootstrapper : Found @SpringBootConfiguration com.ddukddak.backend.BackendApplication for test class com.ddukddak.backend.chat.privateChatRoom.ChatTableServiceTest
]]></system-out>
  <system-err><![CDATA[]]></system-err>
</testsuite>
