<?xml version="1.0" encoding="UTF-8"?>
<testsuite name="com.ddukddak.backend.service.ReservationServiceTest" tests="1" skipped="0" failures="0" errors="0" timestamp="2023-07-12T12:42:58" hostname="bagsohyeons-MacBook-Air.local" time="0.362">
  <properties/>
  <testcase name="예약_취소_확인()" classname="com.ddukddak.backend.service.ReservationServiceTest" time="0.362"/>
  <system-out><![CDATA[21:42:56.098 [Test worker] INFO org.springframework.test.context.support.AnnotationConfigContextLoaderUtils -- Could not detect default configuration classes for test class [com.ddukddak.backend.service.ReservationServiceTest]: ReservationServiceTest does not declare any static, non-private, non-final, nested classes annotated with @Configuration.
21:42:56.144 [Test worker] INFO org.springframework.boot.test.context.SpringBootTestContextBootstrapper -- Found @SpringBootConfiguration com.ddukddak.backend.BackendApplication for test class com.ddukddak.backend.service.ReservationServiceTest

  .   ____          _            __ _ _
 /\\ / ___'_ __ _ _(_)_ __  __ _ \ \ \ \
( ( )\___ | '_ | '_| | '_ \/ _` | \ \ \ \
 \\/  ___)| |_)| | | | | || (_| |  ) ) ) )
  '  |____| .__|_| |_|_| |_\__, | / / / /
 =========|_|==============|___/=/_/_/_/
 :: Spring Boot ::                (v3.1.1)

2023-07-12T21:42:56.324+09:00  INFO 68280 --- [    Test worker] c.d.b.service.ReservationServiceTest     : Starting ReservationServiceTest using Java 17.0.7 with PID 68280 (started by parksohyun in /Users/parksohyun/Desktop/42Ddukddak_Backend)
2023-07-12T21:42:56.325+09:00  INFO 68280 --- [    Test worker] c.d.b.service.ReservationServiceTest     : No active profile set, falling back to 1 default profile: "default"
2023-07-12T21:42:56.660+09:00  INFO 68280 --- [    Test worker] .s.d.r.c.RepositoryConfigurationDelegate : Bootstrapping Spring Data JPA repositories in DEFAULT mode.
2023-07-12T21:42:56.674+09:00  INFO 68280 --- [    Test worker] .s.d.r.c.RepositoryConfigurationDelegate : Finished Spring Data repository scanning in 9 ms. Found 0 JPA repository interfaces.
2023-07-12T21:42:56.872+09:00  INFO 68280 --- [    Test worker] o.hibernate.jpa.internal.util.LogHelper  : HHH000204: Processing PersistenceUnitInfo [name: default]
2023-07-12T21:42:56.897+09:00  INFO 68280 --- [    Test worker] org.hibernate.Version                    : HHH000412: Hibernate ORM core version 6.2.5.Final
2023-07-12T21:42:56.898+09:00  INFO 68280 --- [    Test worker] org.hibernate.cfg.Environment            : HHH000406: Using bytecode reflection optimizer
2023-07-12T21:42:56.967+09:00  INFO 68280 --- [    Test worker] o.h.b.i.BytecodeProviderInitiator        : HHH000021: Bytecode provider name : bytebuddy
2023-07-12T21:42:57.028+09:00  INFO 68280 --- [    Test worker] o.s.o.j.p.SpringPersistenceUnitInfo      : No LoadTimeWeaver setup: ignoring JPA class transformer
2023-07-12T21:42:57.036+09:00  INFO 68280 --- [    Test worker] com.zaxxer.hikari.HikariDataSource       : HikariPool-1 - Starting...
2023-07-12T21:42:57.208+09:00  INFO 68280 --- [    Test worker] com.zaxxer.hikari.pool.HikariPool        : HikariPool-1 - Added connection com.mysql.cj.jdbc.ConnectionImpl@581918f6
2023-07-12T21:42:57.209+09:00  INFO 68280 --- [    Test worker] com.zaxxer.hikari.HikariDataSource       : HikariPool-1 - Start completed.
2023-07-12T21:42:57.238+09:00  WARN 68280 --- [    Test worker] org.hibernate.orm.deprecation            : HHH90000026: MySQL57Dialect has been deprecated; use org.hibernate.dialect.MySQLDialect instead
2023-07-12T21:42:57.355+09:00  INFO 68280 --- [    Test worker] o.h.b.i.BytecodeProviderInitiator        : HHH000021: Bytecode provider name : bytebuddy
2023-07-12T21:42:57.696+09:00  INFO 68280 --- [    Test worker] o.h.e.t.j.p.i.JtaPlatformInitiator       : HHH000490: Using JtaPlatform implementation: [org.hibernate.engine.transaction.jta.platform.internal.NoJtaPlatform]
Hibernate: alter table private_chat_room modify column create_time  datetime(6)
Hibernate: alter table reservation modify column reservation_time  datetime(6)
Hibernate: alter table reservation modify column status  enum ('CANCEL','RESERVE')
Hibernate: alter table user modify column report_time  datetime(6)
2023-07-12T21:42:57.788+09:00  INFO 68280 --- [    Test worker] j.LocalContainerEntityManagerFactoryBean : Initialized JPA EntityManagerFactory for persistence unit 'default'
2023-07-12T21:42:58.560+09:00  WARN 68280 --- [    Test worker] ion$DefaultTemplateResolverConfiguration : Cannot find template location: classpath:/templates/ (please add some templates, check your Thymeleaf configuration, or set spring.thymeleaf.check-template-location=false)
2023-07-12T21:42:58.631+09:00  INFO 68280 --- [    Test worker] c.d.b.service.ReservationServiceTest     : Started ReservationServiceTest in 2.425 seconds (process running for 2.936)
Hibernate: insert into user (banned,login,master,public_chat_room_public_room_id,report_number,report_time) values (?,?,?,?,?,?)
Hibernate: insert into private_chat_room (create_time,rest_time,room_name) values (?,?,?)
Hibernate: insert into chat_table (private_chat_room_id,contents,user_id) values (?,?,?)
Hibernate: insert into reservation (chat_room_name,reservation_time,status,user_id) values (?,?,?,?)
]]></system-out>
  <system-err><![CDATA[]]></system-err>
</testsuite>
